<?xml version="1.0" encoding="UTF-8"?>
<!-- Generated by org.testng.reporters.JUnitReportReporter -->
<testsuite hostname="Madhan" failures="0" tests="1" name="com.qa.testscripts.Google_Tc01" time="15.209" errors="0" timestamp="2022-12-09T09:16:59 IST" skipped="0">
  <testcase classname="com.qa.testscripts.Google_Tc01" name="google" time="15.209"/>
  <system-out/>
</testsuite> <!-- com.qa.testscripts.Google_Tc01 -->
